Lab3/Library/Bee/Android/Prj/IL2CPP/Gradle/launcher/build/outputs/logs/manifest-merger-release-report.txt
-- Merging decision tree log ---
manifest
ADDED from src\main\AndroidManifest.xml:2:1-5:12
INJECTED from src\main\AndroidManifest.xml:2:1-5:12
INJECTED from src\main\AndroidManifest.xml:2:1-5:12
INJECTED from src\main\AndroidManifest.xml:2:1-5:12
MERGED from [:unityLibrary] AndroidManifest.xml:2:1-72:12
MERGED from [:openxr_loader:] AndroidManifest.xml:1:1-29:12
MERGED from [:unityLibrary:xrmanifest.androidlib] AndroidManifest.xml:2:1-31:12
INJECTED from src\main\AndroidManifest.xml:2:1-5:12
INJECTED from src\main\AndroidManifest.xml:2:1-5:12
INJECTED from src\main\AndroidManifest.xml:2:1-5:12
	package
		INJECTED from src\main\AndroidManifest.xml
		ADDED from src\main\AndroidManifest.xml:2:1-5:12
		INJECTED from src\main\AndroidManifest.xml
	android:versionName
		INJECTED from src\main\AndroidManifest.xml
		ADDED from src\main\AndroidManifest.xml:2:1-5:12
		INJECTED from src\main\AndroidManifest.xml
	xmlns:tools
		ADDED from src\main\AndroidManifest.xml:2:70-116
	android:versionCode
		INJECTED from src\main\AndroidManifest.xml
		ADDED from src\main\AndroidManifest.xml:2:1-5:12
		INJECTED from src\main\AndroidManifest.xml
	xmlns:android
		ADDED from src\main\AndroidManifest.xml:2:11-69
	android:installLocation
		ADDED from src\main\AndroidManifest.xml:2:117-157
application
ADDED from src\main\AndroidManifest.xml:3:3-83
MERGED from [:unityLibrary] AndroidManifest.xml:24:5-70:19
MERGED from [:unityLibrary] AndroidManifest.xml:24:5-70:19
MERGED from [:unityLibrary:xrmanifest.androidlib] AndroidManifest.xml:17:5-29:19
MERGED from [:unityLibrary:xrmanifest.androidlib] AndroidManifest.xml:17:5-29:19
	android:extractNativeLibs
		ADDED from [:unityLibrary] AndroidManifest.xml:26:9-41
	android:label
		ADDED from src\main\AndroidManifest.xml:3:16-48
	android:icon
		ADDED from src\main\AndroidManifest.xml:3:49-80
	android:enableOnBackInvokedCallback
		ADDED from [:unityLibrary] AndroidManifest.xml:25:9-51
supports-screens
ADDED from src\main\AndroidManifest.xml:4:3-163
	android:largeScreens
		ADDED from src\main\AndroidManifest.xml:4:78-105
	android:smallScreens
		ADDED from src\main\AndroidManifest.xml:4:21-48
	android:normalScreens
		ADDED from src\main\AndroidManifest.xml:4:49-77
	android:xlargeScreens
		ADDED from src\main\AndroidManifest.xml:4:106-134
	android:anyDensity
		ADDED from src\main\AndroidManifest.xml:4:135-160
uses-sdk
INJECTED from src\main\AndroidManifest.xml reason: use-sdk injection requested
INJECTED from src\main\AndroidManifest.xml
INJECTED from src\main\AndroidManifest.xml
MERGED from [:unityLibrary] AndroidManifest.xml:6:5-44
MERGED from [:unityLibrary] AndroidManifest.xml:6:5-44
MERGED from [:openxr_loader:] AndroidManifest.xml:11:3-72
MERGED from [:openxr_loader:] AndroidManifest.xml:11:3-72
MERGED from [:unityLibrary:xrmanifest.androidlib] AndroidManifest.xml:5:5-44
MERGED from [:unityLibrary:xrmanifest.androidlib] AndroidManifest.xml:5:5-44
INJECTED from src\main\AndroidManifest.xml
INJECTED from src\main\AndroidManifest.xml
	android:targetSdkVersion
		INJECTED from src\main\AndroidManifest.xml
		ADDED from src\main\AndroidManifest.xml
		INJECTED from src\main\AndroidManifest.xml
	android:minSdkVersion
		INJECTED from src\main\AndroidManifest.xml
		ADDED from src\main\AndroidManifest.xml
		INJECTED from src\main\AndroidManifest.xml
uses-permission#android.permission.INTERNET
ADDED from [:unityLibrary] AndroidManifest.xml:8:5-67
	android:name
		ADDED from [:unityLibrary] AndroidManifest.xml:8:22-64
uses-feature#0x00030000
ADDED from [:unityLibrary] AndroidManifest.xml:10:5-54
	android:glEsVersion
		ADDED from [:unityLibrary] AndroidManifest.xml:10:19-51
uses-feature#android.hardware.vulkan.version
ADDED from [:unityLibrary] AndroidManifest.xml:11:5-13:36
	android:required
		ADDED from [:unityLibrary] AndroidManifest.xml:13:9-33
	android:name
		ADDED from [:unityLibrary] AndroidManifest.xml:12:9-55
uses-feature#android.hardware.touchscreen
ADDED from [:unityLibrary] AndroidManifest.xml:14:5-16:36
	android:required
		ADDED from [:unityLibrary] AndroidManifest.xml:16:9-33
	android:name
		ADDED from [:unityLibrary] AndroidManifest.xml:15:9-52
uses-feature#android.hardware.touchscreen.multitouch
ADDED from [:unityLibrary] AndroidManifest.xml:17:5-19:36
	android:required
		ADDED from [:unityLibrary] AndroidManifest.xml:19:9-33
	android:name
		ADDED from [:unityLibrary] AndroidManifest.xml:18:9-63
uses-feature#android.hardware.touchscreen.multitouch.distinct
ADDED from [:unityLibrary] AndroidManifest.xml:20:5-22:36
	android:required
		ADDED from [:unityLibrary] AndroidManifest.xml:22:9-33
	android:name
		ADDED from [:unityLibrary] AndroidManifest.xml:21:9-72
meta-data#unity.splash-mode
ADDED from [:unityLibrary] AndroidManifest.xml:27:9-29:33
	android:value
		ADDED from [:unityLibrary] AndroidManifest.xml:29:13-30
	android:name
		ADDED from [:unityLibrary] AndroidManifest.xml:28:13-45
meta-data#unity.splash-enable
ADDED from [:unityLibrary] AndroidManifest.xml:30:9-32:36
	android:value
		ADDED from [:unityLibrary] AndroidManifest.xml:32:13-33
	android:name
		ADDED from [:unityLibrary] AndroidManifest.xml:31:13-47
meta-data#unity.launch-fullscreen
ADDED from [:unityLibrary] AndroidManifest.xml:33:9-35:36
	android:value
		ADDED from [:unityLibrary] AndroidManifest.xml:35:13-33
	android:name
		ADDED from [:unityLibrary] AndroidManifest.xml:34:13-51
meta-data#unity.render-outside-safearea
ADDED from [:unityLibrary] AndroidManifest.xml:36:9-38:36
	android:value
		ADDED from [:unityLibrary] AndroidManifest.xml:38:13-33
	android:name
		ADDED from [:unityLibrary] AndroidManifest.xml:37:13-57
meta-data#notch.config
ADDED from [:unityLibrary] AndroidManifest.xml:39:9-41:50
	android:value
		ADDED from [:unityLibrary] AndroidManifest.xml:41:13-47
	android:name
		ADDED from [:unityLibrary] AndroidManifest.xml:40:13-40
meta-data#unity.auto-report-fully-drawn
ADDED from [:unityLibrary] AndroidManifest.xml:42:9-44:36
	android:value
		ADDED from [:unityLibrary] AndroidManifest.xml:44:13-33
	android:name
		ADDED from [:unityLibrary] AndroidManifest.xml:43:13-57
activity#com.unity3d.player.UnityPlayerActivity
ADDED from [:unityLibrary] AndroidManifest.xml:46:9-69:20
MERGED from [:unityLibrary:xrmanifest.androidlib] AndroidManifest.xml:18:9-24:20
MERGED from [:unityLibrary:xrmanifest.androidlib] AndroidManifest.xml:18:9-24:20
	android:screenOrientation
		ADDED from [:unityLibrary] AndroidManifest.xml:53:13-49
	android:launchMode
		ADDED from [:unityLibrary] AndroidManifest.xml:51:13-44
	android:hardwareAccelerated
		ADDED from [:unityLibrary] AndroidManifest.xml:50:13-48
	android:exported
		ADDED from [:unityLibrary] AndroidManifest.xml:49:13-36
	android:resizeableActivity
		ADDED from [:unityLibrary] AndroidManifest.xml:52:13-47
	android:configChanges
		ADDED from [:unityLibrary] AndroidManifest.xml:48:13-194
	android:theme
		ADDED from [:unityLibrary] AndroidManifest.xml:54:13-54
	android:name
		ADDED from [:unityLibrary] AndroidManifest.xml:47:13-66
intent-filter#action:name:android.intent.action.MAIN+category:name:android.intent.category.LAUNCHER+category:name:com.oculus.intent.category.VR
ADDED from [:unityLibrary] AndroidManifest.xml:55:13-61:29
category#android.intent.category.LAUNCHER
ADDED from [:unityLibrary] AndroidManifest.xml:56:17-77
	android:name
		ADDED from [:unityLibrary] AndroidManifest.xml:56:27-74
action#android.intent.action.MAIN
ADDED from [:unityLibrary] AndroidManifest.xml:58:17-69
	android:name
		ADDED from [:unityLibrary] AndroidManifest.xml:58:25-66
category#com.oculus.intent.category.VR
ADDED from [:unityLibrary] AndroidManifest.xml:60:17-74
	android:name
		ADDED from [:unityLibrary] AndroidManifest.xml:60:27-71
meta-data#unityplayer.UnityActivity
ADDED from [:unityLibrary] AndroidManifest.xml:63:13-65:40
	android:value
		ADDED from [:unityLibrary] AndroidManifest.xml:65:17-37
	android:name
		ADDED from [:unityLibrary] AndroidManifest.xml:64:17-57
meta-data#notch_support
ADDED from [:unityLibrary] AndroidManifest.xml:66:13-68:40
	android:value
		ADDED from [:unityLibrary] AndroidManifest.xml:68:17-37
	android:name
		ADDED from [:unityLibrary] AndroidManifest.xml:67:17-45
uses-permission#org.khronos.openxr.permission.OPENXR
ADDED from [:openxr_loader:] AndroidManifest.xml:13:3-74
	android:name
		ADDED from [:openxr_loader:] AndroidManifest.xml:13:20-71
uses-permission#org.khronos.openxr.permission.OPENXR_SYSTEM
ADDED from [:openxr_loader:] AndroidManifest.xml:14:3-81
	android:name
		ADDED from [:openxr_loader:] AndroidManifest.xml:14:20-78
queries
ADDED from [:openxr_loader:] AndroidManifest.xml:16:3-27:13
provider
ADDED from [:openxr_loader:] AndroidManifest.xml:18:5-114
	android:authorities
		ADDED from [:openxr_loader:] AndroidManifest.xml:18:15-111
intent#action:name:org.khronos.openxr.OpenXRRuntimeService
ADDED from [:openxr_loader:] AndroidManifest.xml:21:5-23:14
action#org.khronos.openxr.OpenXRRuntimeService
ADDED from [:openxr_loader:] AndroidManifest.xml:22:7-72
	android:name
		ADDED from [:openxr_loader:] AndroidManifest.xml:22:15-69
intent#action:name:org.khronos.openxr.OpenXRApiLayerService
ADDED from [:openxr_loader:] AndroidManifest.xml:24:5-26:14
action#org.khronos.openxr.OpenXRApiLayerService
ADDED from [:openxr_loader:] AndroidManifest.xml:25:7-73
	android:name
		ADDED from [:openxr_loader:] AndroidManifest.xml:25:15-70
uses-feature#android.hardware.vr.headtracking
ADDED from [:unityLibrary:xrmanifest.androidlib] AndroidManifest.xml:7:5-10:31
	android:version
		ADDED from [:unityLibrary:xrmanifest.androidlib] AndroidManifest.xml:10:9-28
	android:required
		ADDED from [:unityLibrary:xrmanifest.androidlib] AndroidManifest.xml:9:9-32
	android:name
		ADDED from [:unityLibrary:xrmanifest.androidlib] AndroidManifest.xml:8:9-56
uses-feature#oculus.software.eye_tracking
ADDED from [:unityLibrary:xrmanifest.androidlib] AndroidManifest.xml:11:5-13:35
	android:required
		ADDED from [:unityLibrary:xrmanifest.androidlib] AndroidManifest.xml:13:9-32
	android:name
		ADDED from [:unityLibrary:xrmanifest.androidlib] AndroidManifest.xml:12:9-52
uses-permission#com.oculus.permission.EYE_TRACKING
ADDED from [:unityLibrary:xrmanifest.androidlib] AndroidManifest.xml:15:5-74
	android:name
		ADDED from [:unityLibrary:xrmanifest.androidlib] AndroidManifest.xml:15:22-71
meta-data#com.oculus.vr.focusaware
ADDED from [:unityLibrary:xrmanifest.androidlib] AndroidManifest.xml:21:13-23:40
	android:value
		ADDED from [:unityLibrary:xrmanifest.androidlib] AndroidManifest.xml:23:17-37
	android:name
		ADDED from [:unityLibrary:xrmanifest.androidlib] AndroidManifest.xml:22:17-56
meta-data#com.oculus.supportedDevices
ADDED from [:unityLibrary:xrmanifest.androidlib] AndroidManifest.xml:26:9-28:67
	android:value
		ADDED from [:unityLibrary:xrmanifest.androidlib] AndroidManifest.xml:28:13-64
	android:name
		ADDED from [:unityLibrary:xrmanifest.androidlib] AndroidManifest.xml:27:13-55